[2025-09-16 09:49:09.404 +08:00 INF Starting up UserService {}
][2025-09-16 09:49:09.719 +08:00 INF User cleanup service started {"SourceContext":"UserService.Services.UserCleanupService"}
][2025-09-16 09:49:10.231 +08:00 INF Bus started: "rabbitmq://localhost/" {"SourceContext":"MassTransit"}
][2025-09-16 09:49:11.420 +08:00 INF Now listening on: http://localhost:5240 {"EventId":{"Id":14,"Name":"ListeningOnAddress"},"SourceContext":"Microsoft.Hosting.Lifetime"}
][2025-09-16 09:49:11.423 +08:00 INF Application started. Press Ctrl+C to shut down. {"SourceContext":"Microsoft.Hosting.Lifetime"}
][2025-09-16 09:49:11.424 +08:00 INF Hosting environment: Development {"SourceContext":"Microsoft.Hosting.Lifetime"}
][2025-09-16 09:49:11.426 +08:00 INF Content root path: C:\Users\jeffr\Documents\Programming\Chomp\UserSErvice {"SourceContext":"Microsoft.Hosting.Lifetime"}
][2025-09-16 09:49:28.187 +08:00 WRN Failed to determine the https port for redirect. {"EventId":{"Id":3,"Name":"FailedToDeterminePort"},"SourceContext":"Microsoft.AspNetCore.HttpsPolicy.HttpsRedirectionMiddleware","RequestId":"0HNFKOD2QSGAL:00000001","RequestPath":"/swagger/index.html","ConnectionId":"0HNFKOD2QSGAL"}
][2025-09-16 09:51:32.987 +08:00 INF Generated refresh token for user: "37c9cbbb-f098-45d2-bcc0-a5473cc22928" {"SourceContext":"UserService.Services.TokenService","ActionId":"f2e48bb8-13bb-4357-9a0e-358b9646aaf7","ActionName":"UserService.Controllers.AuthController.Login (UserService)","RequestId":"0HNFKOD2QSGAN:00000004","RequestPath":"/api/auth/login","ConnectionId":"0HNFKOD2QSGAN"}
][2025-09-16 09:51:32.991 +08:00 INF User Gorel666 logged in successfully {"SourceContext":"UserService.Controllers.AuthController","ActionId":"f2e48bb8-13bb-4357-9a0e-358b9646aaf7","ActionName":"UserService.Controllers.AuthController.Login (UserService)","RequestId":"0HNFKOD2QSGAN:00000004","RequestPath":"/api/auth/login","ConnectionId":"0HNFKOD2QSGAN"}
][2025-09-16 09:53:35.489 +08:00 ERR Unexpected error during token refresh {"SourceContext":"UserService.Services.TokenService","ActionId":"6976145b-47f1-4275-983c-76ddb1072902","ActionName":"UserService.Controllers.AuthController.RefreshToken (UserService)","RequestId":"0HNFKOD2QSGAN:00000005","RequestPath":"/api/auth/refresh","ConnectionId":"0HNFKOD2QSGAN"}
System.NullReferenceException: Object reference not set to an instance of an object.
   at UserService.Services.TokenService.ValidateRefreshTokenAsync(String refreshToken) in C:\Users\jeffr\Documents\Programming\Chomp\UserSErvice\Services\TokenService.cs:line 216
   at UserService.Services.TokenService.RefreshTokenAsync(String expiredAccessToken, String refreshToken) in C:\Users\jeffr\Documents\Programming\Chomp\UserSErvice\Services\TokenService.cs:line 108
][2025-09-16 09:53:35.506 +08:00 WRN Refresh token validation failed: Token refresh failed {"SourceContext":"UserService.Controllers.AuthController","ActionId":"6976145b-47f1-4275-983c-76ddb1072902","ActionName":"UserService.Controllers.AuthController.RefreshToken (UserService)","RequestId":"0HNFKOD2QSGAN:00000005","RequestPath":"/api/auth/refresh","ConnectionId":"0HNFKOD2QSGAN"}
][2025-09-16 09:54:10.261 +08:00 INF Usage Telemetry: {"id":"ac430000-37b1-1901-cee0-08ddf4c33a9e","created":"2025-09-16T09:49:09.5765675\u002B08:00","host":{"framework_version":"8.0.17","mass_transit_version":"8.5.2.0","operating_system_version":"Microsoft Windows NT 10.0.26100.0","time_zone_info":"(UTC\u002B08:00) Kuala Lumpur, Singapore","commit_hash":"96adb565f7cc311488d1df104549f924203be760"},"bus":[{"created":"2025-09-16T09:49:09.5787042\u002B08:00","configured":"2025-09-16T09:49:09.6245525\u002B08:00","started":"2025-09-16T09:49:10.2298419\u002B08:00","name":"IBus","endpoints":[{"name":"_bus_","type":"RabbitMQ","prefetch_count":16}]}]} {"SourceContext":"MassTransit"}
][2025-09-16 09:54:24.273 +08:00 ERR Unexpected error during token refresh {"SourceContext":"UserService.Services.TokenService","ActionId":"6976145b-47f1-4275-983c-76ddb1072902","ActionName":"UserService.Controllers.AuthController.RefreshToken (UserService)","RequestId":"0HNFKOD2QSGAN:00000006","RequestPath":"/api/auth/refresh","ConnectionId":"0HNFKOD2QSGAN"}
System.NullReferenceException: Object reference not set to an instance of an object.
   at UserService.Services.TokenService.ValidateRefreshTokenAsync(String refreshToken) in C:\Users\jeffr\Documents\Programming\Chomp\UserSErvice\Services\TokenService.cs:line 216
   at UserService.Services.TokenService.RefreshTokenAsync(String expiredAccessToken, String refreshToken) in C:\Users\jeffr\Documents\Programming\Chomp\UserSErvice\Services\TokenService.cs:line 108
][2025-09-16 09:54:24.277 +08:00 WRN Refresh token validation failed: Token refresh failed {"SourceContext":"UserService.Controllers.AuthController","ActionId":"6976145b-47f1-4275-983c-76ddb1072902","ActionName":"UserService.Controllers.AuthController.RefreshToken (UserService)","RequestId":"0HNFKOD2QSGAN:00000006","RequestPath":"/api/auth/refresh","ConnectionId":"0HNFKOD2QSGAN"}
][2025-09-16 09:56:33.011 +08:00 INF Application is shutting down... {"SourceContext":"Microsoft.Hosting.Lifetime"}
][2025-09-16 09:56:33.017 +08:00 INF User cleanup service was cancelled {"SourceContext":"UserService.Services.UserCleanupService"}
][2025-09-16 09:56:33.018 +08:00 INF User cleanup service stopped {"SourceContext":"UserService.Services.UserCleanupService"}
][2025-09-16 09:56:33.065 +08:00 INF Bus stopped: "rabbitmq://localhost/" {"SourceContext":"MassTransit"}
][2025-09-16 09:56:37.456 +08:00 INF Starting up UserService {}
][2025-09-16 09:56:37.637 +08:00 INF User cleanup service started {"SourceContext":"UserService.Services.UserCleanupService"}
][2025-09-16 09:56:37.763 +08:00 INF Bus started: "rabbitmq://localhost/" {"SourceContext":"MassTransit"}
][2025-09-16 09:56:38.499 +08:00 INF Now listening on: http://localhost:5240 {"EventId":{"Id":14,"Name":"ListeningOnAddress"},"SourceContext":"Microsoft.Hosting.Lifetime"}
][2025-09-16 09:56:38.504 +08:00 INF Application started. Press Ctrl+C to shut down. {"SourceContext":"Microsoft.Hosting.Lifetime"}
][2025-09-16 09:56:38.505 +08:00 INF Hosting environment: Development {"SourceContext":"Microsoft.Hosting.Lifetime"}
][2025-09-16 09:56:38.508 +08:00 INF Content root path: C:\Users\jeffr\Documents\Programming\Chomp\UserSErvice {"SourceContext":"Microsoft.Hosting.Lifetime"}
][2025-09-16 09:56:44.848 +08:00 WRN Failed to determine the https port for redirect. {"EventId":{"Id":3,"Name":"FailedToDeterminePort"},"SourceContext":"Microsoft.AspNetCore.HttpsPolicy.HttpsRedirectionMiddleware","RequestId":"0HNFKOH4VCSPA:00000001","RequestPath":"/api/auth/refresh","ConnectionId":"0HNFKOH4VCSPA"}
][2025-09-16 09:56:45.152 +08:00 INF Valid refresh token used for user: "37c9cbbb-f098-45d2-bcc0-a5473cc22928" {"SourceContext":"UserService.Services.TokenService","ActionId":"770a8d4f-ce01-479c-9546-f34cbacd1203","ActionName":"UserService.Controllers.AuthController.RefreshToken (UserService)","RequestId":"0HNFKOH4VCSPA:00000001","RequestPath":"/api/auth/refresh","ConnectionId":"0HNFKOH4VCSPA"}
][2025-09-16 09:56:45.273 +08:00 INF Generated refresh token for user: "37c9cbbb-f098-45d2-bcc0-a5473cc22928" {"SourceContext":"UserService.Services.TokenService","ActionId":"770a8d4f-ce01-479c-9546-f34cbacd1203","ActionName":"UserService.Controllers.AuthController.RefreshToken (UserService)","RequestId":"0HNFKOH4VCSPA:00000001","RequestPath":"/api/auth/refresh","ConnectionId":"0HNFKOH4VCSPA"}
][2025-09-16 09:56:45.293 +08:00 INF Revoked refresh token for user: "37c9cbbb-f098-45d2-bcc0-a5473cc22928", Reason: Used for refresh {"SourceContext":"UserService.Services.TokenService","ActionId":"770a8d4f-ce01-479c-9546-f34cbacd1203","ActionName":"UserService.Controllers.AuthController.RefreshToken (UserService)","RequestId":"0HNFKOH4VCSPA:00000001","RequestPath":"/api/auth/refresh","ConnectionId":"0HNFKOH4VCSPA"}
][2025-09-16 09:56:45.297 +08:00 INF Token refreshed successfully for user: Gorel666 {"SourceContext":"UserService.Services.TokenService","ActionId":"770a8d4f-ce01-479c-9546-f34cbacd1203","ActionName":"UserService.Controllers.AuthController.RefreshToken (UserService)","RequestId":"0HNFKOH4VCSPA:00000001","RequestPath":"/api/auth/refresh","ConnectionId":"0HNFKOH4VCSPA"}
][2025-09-16 09:57:58.610 +08:00 ERR Error during logout {"SourceContext":"UserService.Controllers.AuthController","ActionId":"f3a13780-c82d-4d20-96aa-37487ea23728","ActionName":"UserService.Controllers.AuthController.Logout (UserService)","RequestId":"0HNFKOH4VCSPA:00000002","RequestPath":"/api/auth/logout","ConnectionId":"0HNFKOH4VCSPA"}
System.InvalidOperationException: The LINQ expression 'DbSet<RefreshToken>()
    .Where(r => r.UserId == __userId_0 && r.IsActive)' could not be translated. Additional information: Translation of member 'IsActive' on entity type 'RefreshToken' failed. This commonly occurs when the specified member is unmapped. Either rewrite the query in a form that can be translated, or switch to client evaluation explicitly by inserting a call to 'AsEnumerable', 'AsAsyncEnumerable', 'ToList', or 'ToListAsync'. See https://go.microsoft.com/fwlink/?linkid=2101038 for more information.
   at Microsoft.EntityFrameworkCore.Query.QueryableMethodTranslatingExpressionVisitor.Translate(Expression expression)
   at Microsoft.EntityFrameworkCore.Query.QueryCompilationContext.CreateQueryExecutorExpression[TResult](Expression query)
   at Microsoft.EntityFrameworkCore.Query.QueryCompilationContext.CreateQueryExecutor[TResult](Expression query)
   at Microsoft.EntityFrameworkCore.Storage.Database.CompileQuery[TResult](Expression query, Boolean async)
   at Microsoft.EntityFrameworkCore.Query.Internal.QueryCompiler.CompileQueryCore[TResult](IDatabase database, Expression query, IModel model, Boolean async)
   at Microsoft.EntityFrameworkCore.Query.Internal.QueryCompiler.<>c__DisplayClass11_0`1.<ExecuteCore>b__0()
   at Microsoft.EntityFrameworkCore.Query.Internal.CompiledQueryCache.GetOrAddQuery[TResult](Object cacheKey, Func`1 compiler)
   at Microsoft.EntityFrameworkCore.Query.Internal.QueryCompiler.ExecuteCore[TResult](Expression query, Boolean async, CancellationToken cancellationToken)
   at Microsoft.EntityFrameworkCore.Query.Internal.QueryCompiler.ExecuteAsync[TResult](Expression query, CancellationToken cancellationToken)
   at Microsoft.EntityFrameworkCore.Query.Internal.EntityQueryProvider.ExecuteAsync[TResult](Expression expression, CancellationToken cancellationToken)
   at Microsoft.EntityFrameworkCore.Query.Internal.EntityQueryable`1.GetAsyncEnumerator(CancellationToken cancellationToken)
   at System.Runtime.CompilerServices.ConfiguredCancelableAsyncEnumerable`1.GetAsyncEnumerator()
   at Microsoft.EntityFrameworkCore.EntityFrameworkQueryableExtensions.ToListAsync[TSource](IQueryable`1 source, CancellationToken cancellationToken)
   at UserService.Services.TokenService.RevokeAllRefreshTokenAsync(Guid userId, String reason) in C:\Users\jeffr\Documents\Programming\Chomp\UserSErvice\Services\TokenService.cs:line 175
   at UserService.Controllers.AuthController.Logout() in C:\Users\jeffr\Documents\Programming\Chomp\UserSErvice\Controllers\AuthController.cs:line 88
][2025-09-16 10:01:37.802 +08:00 INF Usage Telemetry: {"id":"0c0f0000-37b1-1901-5e60-08ddf4c445a3","created":"2025-09-16T09:56:37.5580957\u002B08:00","host":{"framework_version":"8.0.17","mass_transit_version":"8.5.2.0","operating_system_version":"Microsoft Windows NT 10.0.26100.0","time_zone_info":"(UTC\u002B08:00) Kuala Lumpur, Singapore","commit_hash":"96adb565f7cc311488d1df104549f924203be760"},"bus":[{"created":"2025-09-16T09:56:37.5601537\u002B08:00","configured":"2025-09-16T09:56:37.5985400\u002B08:00","started":"2025-09-16T09:56:37.7618153\u002B08:00","name":"IBus","endpoints":[{"name":"_bus_","type":"RabbitMQ","prefetch_count":16}]}]} {"SourceContext":"MassTransit"}
][2025-09-16 10:06:03.809 +08:00 INF Application is shutting down... {"SourceContext":"Microsoft.Hosting.Lifetime"}
][2025-09-16 10:06:03.814 +08:00 INF User cleanup service was cancelled {"SourceContext":"UserService.Services.UserCleanupService"}
][2025-09-16 10:06:03.815 +08:00 INF User cleanup service stopped {"SourceContext":"UserService.Services.UserCleanupService"}
][2025-09-16 10:06:03.860 +08:00 INF Bus stopped: "rabbitmq://localhost/" {"SourceContext":"MassTransit"}
][2025-09-16 10:06:09.503 +08:00 INF Starting up UserService {}
][2025-09-16 10:06:09.714 +08:00 INF User cleanup service started {"SourceContext":"UserService.Services.UserCleanupService"}
][2025-09-16 10:06:10.121 +08:00 INF Bus started: "rabbitmq://localhost/" {"SourceContext":"MassTransit"}
][2025-09-16 10:06:10.877 +08:00 INF Now listening on: http://localhost:5240 {"EventId":{"Id":14,"Name":"ListeningOnAddress"},"SourceContext":"Microsoft.Hosting.Lifetime"}
][2025-09-16 10:06:10.881 +08:00 INF Application started. Press Ctrl+C to shut down. {"SourceContext":"Microsoft.Hosting.Lifetime"}
][2025-09-16 10:06:10.882 +08:00 INF Hosting environment: Development {"SourceContext":"Microsoft.Hosting.Lifetime"}
][2025-09-16 10:06:10.884 +08:00 INF Content root path: C:\Users\jeffr\Documents\Programming\Chomp\UserSErvice {"SourceContext":"Microsoft.Hosting.Lifetime"}
][2025-09-16 10:06:18.425 +08:00 WRN Failed to determine the https port for redirect. {"EventId":{"Id":3,"Name":"FailedToDeterminePort"},"SourceContext":"Microsoft.AspNetCore.HttpsPolicy.HttpsRedirectionMiddleware","RequestId":"0HNFKOMFTEAVQ:00000001","RequestPath":"/api/auth/logout","ConnectionId":"0HNFKOMFTEAVQ"}
][2025-09-16 10:06:18.688 +08:00 INF Revoked 5 refresh tokens for user: "37c9cbbb-f098-45d2-bcc0-a5473cc22928", Reason: User logout {"SourceContext":"UserService.Services.TokenService","ActionId":"c4dcec12-a285-451b-9fc7-e081bf0f1a47","ActionName":"UserService.Controllers.AuthController.Logout (UserService)","RequestId":"0HNFKOMFTEAVQ:00000001","RequestPath":"/api/auth/logout","ConnectionId":"0HNFKOMFTEAVQ"}
][2025-09-16 10:06:18.778 +08:00 INF Updated LastSigIn for user: "37c9cbbb-f098-45d2-bcc0-a5473cc22928" {"SourceContext":"UserService.Services.AuthService","ActionId":"c4dcec12-a285-451b-9fc7-e081bf0f1a47","ActionName":"UserService.Controllers.AuthController.Logout (UserService)","RequestId":"0HNFKOMFTEAVQ:00000001","RequestPath":"/api/auth/logout","ConnectionId":"0HNFKOMFTEAVQ"}
][2025-09-16 10:06:18.783 +08:00 INF User logged out successfully: Gorel666 {"SourceContext":"UserService.Controllers.AuthController","ActionId":"c4dcec12-a285-451b-9fc7-e081bf0f1a47","ActionName":"UserService.Controllers.AuthController.Logout (UserService)","RequestId":"0HNFKOMFTEAVQ:00000001","RequestPath":"/api/auth/logout","ConnectionId":"0HNFKOMFTEAVQ"}
][2025-09-16 10:06:53.912 +08:00 INF Generated refresh token for user: "37c9cbbb-f098-45d2-bcc0-a5473cc22928" {"SourceContext":"UserService.Services.TokenService","ActionId":"eb423cb4-f21a-4848-92cb-71cf9403c575","ActionName":"UserService.Controllers.AuthController.Login (UserService)","RequestId":"0HNFKOMFTEAVQ:00000002","RequestPath":"/api/auth/login","ConnectionId":"0HNFKOMFTEAVQ"}
][2025-09-16 10:06:53.916 +08:00 INF User Gorel666 logged in successfully {"SourceContext":"UserService.Controllers.AuthController","ActionId":"eb423cb4-f21a-4848-92cb-71cf9403c575","ActionName":"UserService.Controllers.AuthController.Login (UserService)","RequestId":"0HNFKOMFTEAVQ:00000002","RequestPath":"/api/auth/login","ConnectionId":"0HNFKOMFTEAVQ"}
][2025-09-16 10:09:01.517 +08:00 INF GetUserById endpoint called for user: "6f668eec-6cd3-4f41-8592-3f7078a5992f" {"SourceContext":"UserService.Controllers.UserController","ActionId":"d7bbefb1-d02b-40e8-a459-7f6233b7c4b9","ActionName":"UserService.Controllers.UserController.GetUserById (UserService)","RequestId":"0HNFKOMFTEAVQ:00000003","RequestPath":"/api/user/6f668eec-6cd3-4f41-8592-3f7078a5992f","ConnectionId":"0HNFKOMFTEAVQ"}
][2025-09-16 10:09:01.520 +08:00 WRN User attempted to access unauthorized profile: "6f668eec-6cd3-4f41-8592-3f7078a5992f" {"SourceContext":"UserService.Controllers.UserController","ActionId":"d7bbefb1-d02b-40e8-a459-7f6233b7c4b9","ActionName":"UserService.Controllers.UserController.GetUserById (UserService)","RequestId":"0HNFKOMFTEAVQ:00000003","RequestPath":"/api/user/6f668eec-6cd3-4f41-8592-3f7078a5992f","ConnectionId":"0HNFKOMFTEAVQ"}
][2025-09-16 10:10:45.949 +08:00 INF Application is shutting down... {"SourceContext":"Microsoft.Hosting.Lifetime"}
][2025-09-16 10:10:45.956 +08:00 INF User cleanup service was cancelled {"SourceContext":"UserService.Services.UserCleanupService"}
][2025-09-16 10:10:45.958 +08:00 INF User cleanup service stopped {"SourceContext":"UserService.Services.UserCleanupService"}
][2025-09-16 10:10:45.998 +08:00 INF Bus stopped: "rabbitmq://localhost/" {"SourceContext":"MassTransit"}
][2025-09-16 10:10:49.551 +08:00 INF Starting up UserService {}
][2025-09-16 10:10:49.743 +08:00 INF User cleanup service started {"SourceContext":"UserService.Services.UserCleanupService"}
][2025-09-16 10:10:49.870 +08:00 INF Bus started: "rabbitmq://localhost/" {"SourceContext":"MassTransit"}
][2025-09-16 10:10:50.564 +08:00 INF Now listening on: http://localhost:5240 {"EventId":{"Id":14,"Name":"ListeningOnAddress"},"SourceContext":"Microsoft.Hosting.Lifetime"}
][2025-09-16 10:10:50.567 +08:00 INF Application started. Press Ctrl+C to shut down. {"SourceContext":"Microsoft.Hosting.Lifetime"}
][2025-09-16 10:10:50.568 +08:00 INF Hosting environment: Development {"SourceContext":"Microsoft.Hosting.Lifetime"}
][2025-09-16 10:10:50.569 +08:00 INF Content root path: C:\Users\jeffr\Documents\Programming\Chomp\UserSErvice {"SourceContext":"Microsoft.Hosting.Lifetime"}
][2025-09-16 10:10:54.305 +08:00 WRN Failed to determine the https port for redirect. {"EventId":{"Id":3,"Name":"FailedToDeterminePort"},"SourceContext":"Microsoft.AspNetCore.HttpsPolicy.HttpsRedirectionMiddleware","RequestId":"0HNFKOP24EA8S:00000001","RequestPath":"/api/user/6f668eec-6cd3-4f41-8592-3f7078a5992f","ConnectionId":"0HNFKOP24EA8S"}
][2025-09-16 10:10:54.406 +08:00 INF GetUserById endpoint called for user: "6f668eec-6cd3-4f41-8592-3f7078a5992f" {"SourceContext":"UserService.Controllers.UserController","ActionId":"949783d1-b2c4-490c-9117-392cb03c12af","ActionName":"UserService.Controllers.UserController.GetUserById (UserService)","RequestId":"0HNFKOP24EA8S:00000001","RequestPath":"/api/user/6f668eec-6cd3-4f41-8592-3f7078a5992f","ConnectionId":"0HNFKOP24EA8S"}
][2025-09-16 10:10:54.411 +08:00 WRN User attempted to access unauthorized profile: "6f668eec-6cd3-4f41-8592-3f7078a5992f" {"SourceContext":"UserService.Controllers.UserController","ActionId":"949783d1-b2c4-490c-9117-392cb03c12af","ActionName":"UserService.Controllers.UserController.GetUserById (UserService)","RequestId":"0HNFKOP24EA8S:00000001","RequestPath":"/api/user/6f668eec-6cd3-4f41-8592-3f7078a5992f","ConnectionId":"0HNFKOP24EA8S"}
][2025-09-16 10:12:38.792 +08:00 INF GetUserById endpoint called for user: "37c9cbbb-f098-45d2-bcc0-a5473cc22928" {"SourceContext":"UserService.Controllers.UserController","ActionId":"949783d1-b2c4-490c-9117-392cb03c12af","ActionName":"UserService.Controllers.UserController.GetUserById (UserService)","RequestId":"0HNFKOP24EA8S:00000002","RequestPath":"/api/user/37c9cbbb-f098-45d2-bcc0-a5473cc22928","ConnectionId":"0HNFKOP24EA8S"}
][2025-09-16 10:15:31.728 +08:00 INF Application is shutting down... {"SourceContext":"Microsoft.Hosting.Lifetime"}
][2025-09-16 10:15:31.736 +08:00 INF User cleanup service was cancelled {"SourceContext":"UserService.Services.UserCleanupService"}
][2025-09-16 10:15:31.737 +08:00 INF User cleanup service stopped {"SourceContext":"UserService.Services.UserCleanupService"}
][2025-09-16 10:15:31.780 +08:00 INF Bus stopped: "rabbitmq://localhost/" {"SourceContext":"MassTransit"}
][2025-09-16 10:15:37.325 +08:00 INF Starting up UserService {}
][2025-09-16 10:15:37.512 +08:00 INF User cleanup service started {"SourceContext":"UserService.Services.UserCleanupService"}
][2025-09-16 10:15:37.634 +08:00 INF Bus started: "rabbitmq://localhost/" {"SourceContext":"MassTransit"}
][2025-09-16 10:15:38.334 +08:00 INF Now listening on: http://localhost:5240 {"EventId":{"Id":14,"Name":"ListeningOnAddress"},"SourceContext":"Microsoft.Hosting.Lifetime"}
][2025-09-16 10:15:38.337 +08:00 INF Application started. Press Ctrl+C to shut down. {"SourceContext":"Microsoft.Hosting.Lifetime"}
][2025-09-16 10:15:38.338 +08:00 INF Hosting environment: Development {"SourceContext":"Microsoft.Hosting.Lifetime"}
][2025-09-16 10:15:38.340 +08:00 INF Content root path: C:\Users\jeffr\Documents\Programming\Chomp\UserSErvice {"SourceContext":"Microsoft.Hosting.Lifetime"}
][2025-09-16 10:15:43.850 +08:00 WRN Failed to determine the https port for redirect. {"EventId":{"Id":3,"Name":"FailedToDeterminePort"},"SourceContext":"Microsoft.AspNetCore.HttpsPolicy.HttpsRedirectionMiddleware","RequestId":"0HNFKORODNM61:00000001","RequestPath":"/api/user/37c9cbbb-f098-45d2-bcc0-a5473cc22928","ConnectionId":"0HNFKORODNM61"}
][2025-09-16 10:17:54.905 +08:00 INF SoftDeleteUser endpoint called for user: "37c9cbbb-f098-45d2-bcc0-a5473cc22928" {"SourceContext":"UserService.Controllers.UserController","ActionId":"ac2db5d6-3a25-47dd-8ee0-dacd32dac3bc","ActionName":"UserService.Controllers.UserController.SoftDeleteUser (UserService)","RequestId":"0HNFKORODNM61:00000005","RequestPath":"/api/user/37c9cbbb-f098-45d2-bcc0-a5473cc22928/soft-delete","ConnectionId":"0HNFKORODNM61"}
][2025-09-16 10:17:54.910 +08:00 INF Attempting to soft delete user: "37c9cbbb-f098-45d2-bcc0-a5473cc22928" {"SourceContext":"UserService.Services.UserService","ActionId":"ac2db5d6-3a25-47dd-8ee0-dacd32dac3bc","ActionName":"UserService.Controllers.UserController.SoftDeleteUser (UserService)","RequestId":"0HNFKORODNM61:00000005","RequestPath":"/api/user/37c9cbbb-f098-45d2-bcc0-a5473cc22928/soft-delete","ConnectionId":"0HNFKORODNM61"}
][2025-09-16 10:17:55.166 +08:00 INF Revoked 1 refresh tokens for user: "37c9cbbb-f098-45d2-bcc0-a5473cc22928", Reason: User account deleted {"SourceContext":"UserService.Services.TokenService","ActionId":"ac2db5d6-3a25-47dd-8ee0-dacd32dac3bc","ActionName":"UserService.Controllers.UserController.SoftDeleteUser (UserService)","RequestId":"0HNFKORODNM61:00000005","RequestPath":"/api/user/37c9cbbb-f098-45d2-bcc0-a5473cc22928/soft-delete","ConnectionId":"0HNFKORODNM61"}
][2025-09-16 10:17:55.182 +08:00 INF Successfully soft deleted user: "37c9cbbb-f098-45d2-bcc0-a5473cc22928". Permanent deletion scheduled for: "2025-09-23T02:17:55.1704041Z" {"SourceContext":"UserService.Services.UserService","ActionId":"ac2db5d6-3a25-47dd-8ee0-dacd32dac3bc","ActionName":"UserService.Controllers.UserController.SoftDeleteUser (UserService)","RequestId":"0HNFKORODNM61:00000005","RequestPath":"/api/user/37c9cbbb-f098-45d2-bcc0-a5473cc22928/soft-delete","ConnectionId":"0HNFKORODNM61"}
][2025-09-16 10:17:55.189 +08:00 INF User soft deletion completed successfully for: "37c9cbbb-f098-45d2-bcc0-a5473cc22928" {"SourceContext":"UserService.Controllers.UserController","ActionId":"ac2db5d6-3a25-47dd-8ee0-dacd32dac3bc","ActionName":"UserService.Controllers.UserController.SoftDeleteUser (UserService)","RequestId":"0HNFKORODNM61:00000005","RequestPath":"/api/user/37c9cbbb-f098-45d2-bcc0-a5473cc22928/soft-delete","ConnectionId":"0HNFKORODNM61"}
][2025-09-16 10:18:36.048 +08:00 INF RestoredUser endpoint called for user: "37c9cbbb-f098-45d2-bcc0-a5473cc22928" {"SourceContext":"UserService.Controllers.UserController","ActionId":"8f8842cf-bc43-4828-8b21-e6afc3803174","ActionName":"UserService.Controllers.UserController.RestoreUser (UserService)","RequestId":"0HNFKORODNM61:00000006","RequestPath":"/api/user/37c9cbbb-f098-45d2-bcc0-a5473cc22928/restore","ConnectionId":"0HNFKORODNM61"}
][2025-09-16 10:18:36.052 +08:00 INF Attempting to restore deleted user: "37c9cbbb-f098-45d2-bcc0-a5473cc22928" {"SourceContext":"UserService.Services.UserService","ActionId":"8f8842cf-bc43-4828-8b21-e6afc3803174","ActionName":"UserService.Controllers.UserController.RestoreUser (UserService)","RequestId":"0HNFKORODNM61:00000006","RequestPath":"/api/user/37c9cbbb-f098-45d2-bcc0-a5473cc22928/restore","ConnectionId":"0HNFKORODNM61"}
][2025-09-16 10:18:36.110 +08:00 INF Successfully restored user: "37c9cbbb-f098-45d2-bcc0-a5473cc22928" {"SourceContext":"UserService.Services.UserService","ActionId":"8f8842cf-bc43-4828-8b21-e6afc3803174","ActionName":"UserService.Controllers.UserController.RestoreUser (UserService)","RequestId":"0HNFKORODNM61:00000006","RequestPath":"/api/user/37c9cbbb-f098-45d2-bcc0-a5473cc22928/restore","ConnectionId":"0HNFKORODNM61"}
][2025-09-16 10:18:36.116 +08:00 INF User restoration completed successfully for: "37c9cbbb-f098-45d2-bcc0-a5473cc22928" {"SourceContext":"UserService.Controllers.UserController","ActionId":"8f8842cf-bc43-4828-8b21-e6afc3803174","ActionName":"UserService.Controllers.UserController.RestoreUser (UserService)","RequestId":"0HNFKORODNM61:00000006","RequestPath":"/api/user/37c9cbbb-f098-45d2-bcc0-a5473cc22928/restore","ConnectionId":"0HNFKORODNM61"}
][2025-09-16 10:20:11.914 +08:00 INF Revoked 0 refresh tokens for user: "37c9cbbb-f098-45d2-bcc0-a5473cc22928", Reason: User logout {"SourceContext":"UserService.Services.TokenService","ActionId":"1503d139-c7ea-4101-95b5-2e80aeb47eb4","ActionName":"UserService.Controllers.AuthController.Logout (UserService)","RequestId":"0HNFKORODNM61:00000007","RequestPath":"/api/auth/logout","ConnectionId":"0HNFKORODNM61"}
][2025-09-16 10:20:11.929 +08:00 INF Updated LastSigIn for user: "37c9cbbb-f098-45d2-bcc0-a5473cc22928" {"SourceContext":"UserService.Services.AuthService","ActionId":"1503d139-c7ea-4101-95b5-2e80aeb47eb4","ActionName":"UserService.Controllers.AuthController.Logout (UserService)","RequestId":"0HNFKORODNM61:00000007","RequestPath":"/api/auth/logout","ConnectionId":"0HNFKORODNM61"}
][2025-09-16 10:20:11.933 +08:00 INF User logged out successfully: Gorel666 {"SourceContext":"UserService.Controllers.AuthController","ActionId":"1503d139-c7ea-4101-95b5-2e80aeb47eb4","ActionName":"UserService.Controllers.AuthController.Logout (UserService)","RequestId":"0HNFKORODNM61:00000007","RequestPath":"/api/auth/logout","ConnectionId":"0HNFKORODNM61"}
][2025-09-16 10:20:37.665 +08:00 INF Usage Telemetry: {"id":"7c080000-37b1-1901-e864-08ddf4c6ed0e","created":"2025-09-16T10:15:37.4358293\u002B08:00","host":{"framework_version":"8.0.17","mass_transit_version":"8.5.2.0","operating_system_version":"Microsoft Windows NT 10.0.26100.0","time_zone_info":"(UTC\u002B08:00) Kuala Lumpur, Singapore","commit_hash":"96adb565f7cc311488d1df104549f924203be760"},"bus":[{"created":"2025-09-16T10:15:37.4374331\u002B08:00","configured":"2025-09-16T10:15:37.4730996\u002B08:00","started":"2025-09-16T10:15:37.6330264\u002B08:00","name":"IBus","endpoints":[{"name":"_bus_","type":"RabbitMQ","prefetch_count":16}]}]} {"SourceContext":"MassTransit"}
][2025-09-16 10:21:53.062 +08:00 INF CreateUser endpoint called for username: DaikiDaiki6@ {"SourceContext":"UserService.Controllers.UserController","ActionId":"e6393daf-6db0-400f-8cba-cfc8a7fe95eb","ActionName":"UserService.Controllers.UserController.CreateUser (UserService)","RequestId":"0HNFKORODNM61:00000008","RequestPath":"/api/user","ConnectionId":"0HNFKORODNM61"}
][2025-09-16 10:21:53.638 +08:00 INF Successfully created user: DaikiDaiki6@ (ID: "e056ca84-ecf8-4dbe-9af5-f91efe653ca5") {"SourceContext":"UserService.Services.UserService","ActionId":"e6393daf-6db0-400f-8cba-cfc8a7fe95eb","ActionName":"UserService.Controllers.UserController.CreateUser (UserService)","RequestId":"0HNFKORODNM61:00000008","RequestPath":"/api/user","ConnectionId":"0HNFKORODNM61"}
][2025-09-16 10:21:53.643 +08:00 INF User creation completed successfully for: "e056ca84-ecf8-4dbe-9af5-f91efe653ca5" {"SourceContext":"UserService.Controllers.UserController","ActionId":"e6393daf-6db0-400f-8cba-cfc8a7fe95eb","ActionName":"UserService.Controllers.UserController.CreateUser (UserService)","RequestId":"0HNFKORODNM61:00000008","RequestPath":"/api/user","ConnectionId":"0HNFKORODNM61"}
][2025-09-16 10:22:17.752 +08:00 INF Generated refresh token for user: "e056ca84-ecf8-4dbe-9af5-f91efe653ca5" {"SourceContext":"UserService.Services.TokenService","ActionId":"b47936d5-1410-4f0d-a0cd-c05d1c586872","ActionName":"UserService.Controllers.AuthController.Login (UserService)","RequestId":"0HNFKORODNM61:00000009","RequestPath":"/api/auth/login","ConnectionId":"0HNFKORODNM61"}
][2025-09-16 10:22:17.755 +08:00 INF User DaikiDaiki6@ logged in successfully {"SourceContext":"UserService.Controllers.AuthController","ActionId":"b47936d5-1410-4f0d-a0cd-c05d1c586872","ActionName":"UserService.Controllers.AuthController.Login (UserService)","RequestId":"0HNFKORODNM61:00000009","RequestPath":"/api/auth/login","ConnectionId":"0HNFKORODNM61"}
][2025-09-16 10:23:52.556 +08:00 INF Application is shutting down... {"SourceContext":"Microsoft.Hosting.Lifetime"}
][2025-09-16 10:23:52.564 +08:00 INF User cleanup service was cancelled {"SourceContext":"UserService.Services.UserCleanupService"}
][2025-09-16 10:23:52.565 +08:00 INF User cleanup service stopped {"SourceContext":"UserService.Services.UserCleanupService"}
][2025-09-16 10:23:52.605 +08:00 INF Bus stopped: "rabbitmq://localhost/" {"SourceContext":"MassTransit"}
][2025-09-16 10:23:56.018 +08:00 INF Starting up UserService {}
][2025-09-16 10:23:56.195 +08:00 INF User cleanup service started {"SourceContext":"UserService.Services.UserCleanupService"}
][2025-09-16 10:23:56.318 +08:00 INF Bus started: "rabbitmq://localhost/" {"SourceContext":"MassTransit"}
][2025-09-16 10:23:56.985 +08:00 INF Now listening on: http://localhost:5240 {"EventId":{"Id":14,"Name":"ListeningOnAddress"},"SourceContext":"Microsoft.Hosting.Lifetime"}
][2025-09-16 10:23:56.988 +08:00 INF Application started. Press Ctrl+C to shut down. {"SourceContext":"Microsoft.Hosting.Lifetime"}
][2025-09-16 10:23:56.990 +08:00 INF Hosting environment: Development {"SourceContext":"Microsoft.Hosting.Lifetime"}
][2025-09-16 10:23:56.992 +08:00 INF Content root path: C:\Users\jeffr\Documents\Programming\Chomp\UserSErvice {"SourceContext":"Microsoft.Hosting.Lifetime"}
][2025-09-16 10:24:00.062 +08:00 WRN Failed to determine the https port for redirect. {"EventId":{"Id":3,"Name":"FailedToDeterminePort"},"SourceContext":"Microsoft.AspNetCore.HttpsPolicy.HttpsRedirectionMiddleware","RequestId":"0HNFKP0C9VVTS:00000001","RequestPath":"/swagger/index.html","ConnectionId":"0HNFKP0C9VVTS"}
][2025-09-16 10:24:10.133 +08:00 INF Application is shutting down... {"SourceContext":"Microsoft.Hosting.Lifetime"}
][2025-09-16 10:24:10.142 +08:00 INF User cleanup service was cancelled {"SourceContext":"UserService.Services.UserCleanupService"}
][2025-09-16 10:24:10.143 +08:00 INF User cleanup service stopped {"SourceContext":"UserService.Services.UserCleanupService"}
][2025-09-16 10:24:10.184 +08:00 INF Bus stopped: "rabbitmq://localhost/" {"SourceContext":"MassTransit"}
][2025-09-16 10:24:13.872 +08:00 INF Starting up UserService {}
][2025-09-16 10:24:14.048 +08:00 INF User cleanup service started {"SourceContext":"UserService.Services.UserCleanupService"}
][2025-09-16 10:24:14.170 +08:00 INF Bus started: "rabbitmq://localhost/" {"SourceContext":"MassTransit"}
][2025-09-16 10:24:14.863 +08:00 INF Now listening on: http://localhost:5240 {"EventId":{"Id":14,"Name":"ListeningOnAddress"},"SourceContext":"Microsoft.Hosting.Lifetime"}
][2025-09-16 10:24:14.866 +08:00 INF Application started. Press Ctrl+C to shut down. {"SourceContext":"Microsoft.Hosting.Lifetime"}
][2025-09-16 10:24:14.867 +08:00 INF Hosting environment: Development {"SourceContext":"Microsoft.Hosting.Lifetime"}
][2025-09-16 10:24:14.868 +08:00 INF Content root path: C:\Users\jeffr\Documents\Programming\Chomp\UserSErvice {"SourceContext":"Microsoft.Hosting.Lifetime"}
][2025-09-16 10:24:15.792 +08:00 WRN Failed to determine the https port for redirect. {"EventId":{"Id":3,"Name":"FailedToDeterminePort"},"SourceContext":"Microsoft.AspNetCore.HttpsPolicy.HttpsRedirectionMiddleware","RequestId":"0HNFKP0H00JT9:00000001","RequestPath":"/swagger/index.html","ConnectionId":"0HNFKP0H00JT9"}
][2025-09-16 10:27:44.869 +08:00 INF GetUserById endpoint called for user: "e056ca84-ecf8-4dbe-9af5-f91efe653ca5" {"SourceContext":"UserService.Controllers.UserController","ActionId":"dd9ef76a-16d5-45bf-abb6-e4d7fbd38a0f","ActionName":"UserService.Controllers.UserController.GetUserById (UserService)","RequestId":"0HNFKP0H00JTB:00000003","RequestPath":"/api/user/e056ca84-ecf8-4dbe-9af5-f91efe653ca5","ConnectionId":"0HNFKP0H00JTB"}
][2025-09-16 10:29:14.194 +08:00 INF Usage Telemetry: {"id":"0c240000-37b1-1901-5972-08ddf4c820f0","created":"2025-09-16T10:24:13.9738162\u002B08:00","host":{"framework_version":"8.0.17","mass_transit_version":"8.5.2.0","operating_system_version":"Microsoft Windows NT 10.0.26100.0","time_zone_info":"(UTC\u002B08:00) Kuala Lumpur, Singapore","commit_hash":"96adb565f7cc311488d1df104549f924203be760"},"bus":[{"created":"2025-09-16T10:24:13.9754593\u002B08:00","configured":"2025-09-16T10:24:14.0113505\u002B08:00","started":"2025-09-16T10:24:14.1694302\u002B08:00","name":"IBus","endpoints":[{"name":"_bus_","type":"RabbitMQ","prefetch_count":16}]}]} {"SourceContext":"MassTransit"}
][2025-09-16 10:39:34.254 +08:00 INF Revoked 1 refresh tokens for user: "e056ca84-ecf8-4dbe-9af5-f91efe653ca5", Reason: User logout {"SourceContext":"UserService.Services.TokenService","ActionId":"1aec2b03-7a8a-4061-a934-20be929a2cfc","ActionName":"UserService.Controllers.AuthController.Logout (UserService)","RequestId":"0HNFKP0H00JTD:00000001","RequestPath":"/api/auth/logout","ConnectionId":"0HNFKP0H00JTD"}
][2025-09-16 10:39:34.326 +08:00 INF Updated LastSigIn for user: "e056ca84-ecf8-4dbe-9af5-f91efe653ca5" {"SourceContext":"UserService.Services.AuthService","ActionId":"1aec2b03-7a8a-4061-a934-20be929a2cfc","ActionName":"UserService.Controllers.AuthController.Logout (UserService)","RequestId":"0HNFKP0H00JTD:00000001","RequestPath":"/api/auth/logout","ConnectionId":"0HNFKP0H00JTD"}
][2025-09-16 10:39:34.329 +08:00 INF User logged out successfully: DaikiDaiki6@ {"SourceContext":"UserService.Controllers.AuthController","ActionId":"1aec2b03-7a8a-4061-a934-20be929a2cfc","ActionName":"UserService.Controllers.AuthController.Logout (UserService)","RequestId":"0HNFKP0H00JTD:00000001","RequestPath":"/api/auth/logout","ConnectionId":"0HNFKP0H00JTD"}
][2025-09-16 10:40:19.382 +08:00 INF Generated refresh token for user: "e056ca84-ecf8-4dbe-9af5-f91efe653ca5" {"SourceContext":"UserService.Services.TokenService","ActionId":"0d8281ac-6c4c-4dec-92aa-82c912f44ef7","ActionName":"UserService.Controllers.AuthController.Login (UserService)","RequestId":"0HNFKP0H00JTD:00000002","RequestPath":"/api/auth/login","ConnectionId":"0HNFKP0H00JTD"}
][2025-09-16 10:40:19.386 +08:00 INF User DaikiDaiki6@ logged in successfully {"SourceContext":"UserService.Controllers.AuthController","ActionId":"0d8281ac-6c4c-4dec-92aa-82c912f44ef7","ActionName":"UserService.Controllers.AuthController.Login (UserService)","RequestId":"0HNFKP0H00JTD:00000002","RequestPath":"/api/auth/login","ConnectionId":"0HNFKP0H00JTD"}
][2025-09-16 10:42:03.267 +08:00 INF GetAll endpoint called {"SourceContext":"UserService.Controllers.UserController","ActionId":"12f76a7d-92ec-4563-90d0-0887ca8e3f16","ActionName":"UserService.Controllers.UserController.GetAll (UserService)","RequestId":"0HNFKP0H00JTD:00000003","RequestPath":"/api/user","ConnectionId":"0HNFKP0H00JTD"}
][2025-09-16 10:42:03.276 +08:00 WRN The query uses a row limiting operator ('Skip'/'Take') without an 'OrderBy' operator. This may lead to unpredictable results. If the 'Distinct' operator is used after 'OrderBy', then make sure to use the 'OrderBy' operator after 'Distinct' as the ordering would otherwise get erased. {"EventId":{"Id":10102,"Name":"Microsoft.EntityFrameworkCore.Query.RowLimitingOperationWithoutOrderByWarning"},"SourceContext":"Microsoft.EntityFrameworkCore.Query","ActionId":"12f76a7d-92ec-4563-90d0-0887ca8e3f16","ActionName":"UserService.Controllers.UserController.GetAll (UserService)","RequestId":"0HNFKP0H00JTD:00000003","RequestPath":"/api/user","ConnectionId":"0HNFKP0H00JTD"}
][2025-09-16 10:42:03.281 +08:00 WRN The query uses a row limiting operator ('Skip'/'Take') without an 'OrderBy' operator. This may lead to unpredictable results. If the 'Distinct' operator is used after 'OrderBy', then make sure to use the 'OrderBy' operator after 'Distinct' as the ordering would otherwise get erased. {"EventId":{"Id":10102,"Name":"Microsoft.EntityFrameworkCore.Query.RowLimitingOperationWithoutOrderByWarning"},"SourceContext":"Microsoft.EntityFrameworkCore.Query","ActionId":"12f76a7d-92ec-4563-90d0-0887ca8e3f16","ActionName":"UserService.Controllers.UserController.GetAll (UserService)","RequestId":"0HNFKP0H00JTD:00000003","RequestPath":"/api/user","ConnectionId":"0HNFKP0H00JTD"}
][2025-09-16 10:42:12.480 +08:00 INF GetAll endpoint called {"SourceContext":"UserService.Controllers.UserController","ActionId":"12f76a7d-92ec-4563-90d0-0887ca8e3f16","ActionName":"UserService.Controllers.UserController.GetAll (UserService)","RequestId":"0HNFKP0H00JTD:00000004","RequestPath":"/api/user","ConnectionId":"0HNFKP0H00JTD"}
][2025-09-16 10:42:12.485 +08:00 WRN The query uses a row limiting operator ('Skip'/'Take') without an 'OrderBy' operator. This may lead to unpredictable results. If the 'Distinct' operator is used after 'OrderBy', then make sure to use the 'OrderBy' operator after 'Distinct' as the ordering would otherwise get erased. {"EventId":{"Id":10102,"Name":"Microsoft.EntityFrameworkCore.Query.RowLimitingOperationWithoutOrderByWarning"},"SourceContext":"Microsoft.EntityFrameworkCore.Query","ActionId":"12f76a7d-92ec-4563-90d0-0887ca8e3f16","ActionName":"UserService.Controllers.UserController.GetAll (UserService)","RequestId":"0HNFKP0H00JTD:00000004","RequestPath":"/api/user","ConnectionId":"0HNFKP0H00JTD"}
][2025-09-16 10:42:12.490 +08:00 WRN The query uses a row limiting operator ('Skip'/'Take') without an 'OrderBy' operator. This may lead to unpredictable results. If the 'Distinct' operator is used after 'OrderBy', then make sure to use the 'OrderBy' operator after 'Distinct' as the ordering would otherwise get erased. {"EventId":{"Id":10102,"Name":"Microsoft.EntityFrameworkCore.Query.RowLimitingOperationWithoutOrderByWarning"},"SourceContext":"Microsoft.EntityFrameworkCore.Query","ActionId":"12f76a7d-92ec-4563-90d0-0887ca8e3f16","ActionName":"UserService.Controllers.UserController.GetAll (UserService)","RequestId":"0HNFKP0H00JTD:00000004","RequestPath":"/api/user","ConnectionId":"0HNFKP0H00JTD"}
][2025-09-16 10:42:39.696 +08:00 INF GetAll endpoint called {"SourceContext":"UserService.Controllers.UserController","ActionId":"12f76a7d-92ec-4563-90d0-0887ca8e3f16","ActionName":"UserService.Controllers.UserController.GetAll (UserService)","RequestId":"0HNFKP0H00JTD:00000005","RequestPath":"/api/user","ConnectionId":"0HNFKP0H00JTD"}
][2025-09-16 10:42:52.512 +08:00 INF GetAll endpoint called {"SourceContext":"UserService.Controllers.UserController","ActionId":"12f76a7d-92ec-4563-90d0-0887ca8e3f16","ActionName":"UserService.Controllers.UserController.GetAll (UserService)","RequestId":"0HNFKP0H00JTD:00000006","RequestPath":"/api/user","ConnectionId":"0HNFKP0H00JTD"}
][2025-09-16 10:43:29.015 +08:00 INF HardDeleteUser endpoint called for user: "6f668eec-6cd3-4f41-8592-3f7078a5992f" {"SourceContext":"UserService.Controllers.UserController","ActionId":"5de4db8f-0a7c-44e8-ab26-d78e3281ca5b","ActionName":"UserService.Controllers.UserController.HardDeleteUser (UserService)","RequestId":"0HNFKP0H00JTD:00000007","RequestPath":"/api/user/6f668eec-6cd3-4f41-8592-3f7078a5992f","ConnectionId":"0HNFKP0H00JTD"}
][2025-09-16 10:43:29.074 +08:00 INF Revoked 1 refresh tokens for user: "6f668eec-6cd3-4f41-8592-3f7078a5992f", Reason: User account permanently deleted {"SourceContext":"UserService.Services.TokenService","ActionId":"5de4db8f-0a7c-44e8-ab26-d78e3281ca5b","ActionName":"UserService.Controllers.UserController.HardDeleteUser (UserService)","RequestId":"0HNFKP0H00JTD:00000007","RequestPath":"/api/user/6f668eec-6cd3-4f41-8592-3f7078a5992f","ConnectionId":"0HNFKP0H00JTD"}
][2025-09-16 10:43:29.211 +08:00 INF Successfully deleted user: "6f668eec-6cd3-4f41-8592-3f7078a5992f" {"SourceContext":"UserService.Services.UserService","ActionId":"5de4db8f-0a7c-44e8-ab26-d78e3281ca5b","ActionName":"UserService.Controllers.UserController.HardDeleteUser (UserService)","RequestId":"0HNFKP0H00JTD:00000007","RequestPath":"/api/user/6f668eec-6cd3-4f41-8592-3f7078a5992f","ConnectionId":"0HNFKP0H00JTD"}
][2025-09-16 10:43:29.215 +08:00 INF User deletion completed successfully for: "6f668eec-6cd3-4f41-8592-3f7078a5992f" {"SourceContext":"UserService.Controllers.UserController","ActionId":"5de4db8f-0a7c-44e8-ab26-d78e3281ca5b","ActionName":"UserService.Controllers.UserController.HardDeleteUser (UserService)","RequestId":"0HNFKP0H00JTD:00000007","RequestPath":"/api/user/6f668eec-6cd3-4f41-8592-3f7078a5992f","ConnectionId":"0HNFKP0H00JTD"}
][2025-09-16 10:52:35.468 +08:00 INF Application is shutting down... {"SourceContext":"Microsoft.Hosting.Lifetime"}
][2025-09-16 10:52:35.475 +08:00 INF User cleanup service was cancelled {"SourceContext":"UserService.Services.UserCleanupService"}
][2025-09-16 10:52:35.476 +08:00 INF User cleanup service stopped {"SourceContext":"UserService.Services.UserCleanupService"}
][2025-09-16 10:52:35.515 +08:00 INF Bus stopped: "rabbitmq://localhost/" {"SourceContext":"MassTransit"}
][2025-09-16 11:28:19.947 +08:00 INF Starting up UserService {}
][2025-09-16 11:28:20.152 +08:00 INF User cleanup service started {"SourceContext":"UserService.Services.UserCleanupService"}
][2025-09-16 11:28:20.301 +08:00 INF Bus started: "rabbitmq://localhost/" {"SourceContext":"MassTransit"}
][2025-09-16 11:28:21.006 +08:00 INF Now listening on: http://localhost:5240 {"EventId":{"Id":14,"Name":"ListeningOnAddress"},"SourceContext":"Microsoft.Hosting.Lifetime"}
][2025-09-16 11:28:21.010 +08:00 INF Application started. Press Ctrl+C to shut down. {"SourceContext":"Microsoft.Hosting.Lifetime"}
][2025-09-16 11:28:21.011 +08:00 INF Hosting environment: Development {"SourceContext":"Microsoft.Hosting.Lifetime"}
][2025-09-16 11:28:21.012 +08:00 INF Content root path: C:\Users\jeffr\Documents\Programming\Chomp\UserSErvice {"SourceContext":"Microsoft.Hosting.Lifetime"}
][2025-09-16 11:28:50.008 +08:00 WRN Failed to determine the https port for redirect. {"EventId":{"Id":3,"Name":"FailedToDeterminePort"},"SourceContext":"Microsoft.AspNetCore.HttpsPolicy.HttpsRedirectionMiddleware","RequestId":"0HNFKQ4JJDB8C:00000001","RequestPath":"/api/Auth/login","ConnectionId":"0HNFKQ4JJDB8C"}
][2025-09-16 11:28:50.696 +08:00 INF Generated refresh token for user: "e056ca84-ecf8-4dbe-9af5-f91efe653ca5" {"SourceContext":"UserService.Services.TokenService","ActionId":"3955c89a-6fa6-43fd-a495-03fb86cf656b","ActionName":"UserService.Controllers.AuthController.Login (UserService)","RequestId":"0HNFKQ4JJDB8C:00000001","RequestPath":"/api/Auth/login","ConnectionId":"0HNFKQ4JJDB8C"}
][2025-09-16 11:28:50.701 +08:00 INF User DaikiDaiki6@ logged in successfully {"SourceContext":"UserService.Controllers.AuthController","ActionId":"3955c89a-6fa6-43fd-a495-03fb86cf656b","ActionName":"UserService.Controllers.AuthController.Login (UserService)","RequestId":"0HNFKQ4JJDB8C:00000001","RequestPath":"/api/Auth/login","ConnectionId":"0HNFKQ4JJDB8C"}
][2025-09-16 11:33:20.335 +08:00 INF Usage Telemetry: {"id":"b0230000-37b1-1901-f785-08ddf4d11563","created":"2025-09-16T11:28:20.0694397\u002B08:00","host":{"framework_version":"8.0.17","mass_transit_version":"8.5.2.0","operating_system_version":"Microsoft Windows NT 10.0.26100.0","time_zone_info":"(UTC\u002B08:00) Kuala Lumpur, Singapore","commit_hash":"96adb565f7cc311488d1df104549f924203be760"},"bus":[{"created":"2025-09-16T11:28:20.0710986\u002B08:00","configured":"2025-09-16T11:28:20.1107923\u002B08:00","started":"2025-09-16T11:28:20.3002623\u002B08:00","name":"IBus","endpoints":[{"name":"_bus_","type":"RabbitMQ","prefetch_count":16}]}]} {"SourceContext":"MassTransit"}
]